proguard_logs/seeds.txt
com.xiaoyu.BaZi.R
com.xiaoyu.BaZi.R: R()
com.xiaoyu.BaZi.R$anim
com.xiaoyu.BaZi.R$anim: int in_from_left
com.xiaoyu.BaZi.R$anim: int in_from_right
com.xiaoyu.BaZi.R$anim: int out_to_left
com.xiaoyu.BaZi.R$anim: int out_to_right
com.xiaoyu.BaZi.R$anim: R$anim()
com.xiaoyu.BaZi.R$array
com.xiaoyu.BaZi.R$array: int anhui_province_item
com.xiaoyu.BaZi.R$array: int aomen_province_item
com.xiaoyu.BaZi.R$array: int beijin_province_item
com.xiaoyu.BaZi.R$array: int chongqing_province_item
com.xiaoyu.BaZi.R$array: int fujian_province_item
com.xiaoyu.BaZi.R$array: int gansu_province_item
com.xiaoyu.BaZi.R$array: int guangdong_province_item
com.xiaoyu.BaZi.R$array: int guangxi_province_item
com.xiaoyu.BaZi.R$array: int guizhou_province_item
com.xiaoyu.BaZi.R$array: int hainan_province_item
com.xiaoyu.BaZi.R$array: int heibei_province_item
com.xiaoyu.BaZi.R$array: int heilongjiang_province_item
com.xiaoyu.BaZi.R$array: int henan_province_item
com.xiaoyu.BaZi.R$array: int hongkong_province_item
com.xiaoyu.BaZi.R$array: int hubei_province_item
com.xiaoyu.BaZi.R$array: int hunan_province_item
com.xiaoyu.BaZi.R$array: int jiangsu_province_item
com.xiaoyu.BaZi.R$array: int jiangxi_province_item
com.xiaoyu.BaZi.R$array: int jilin_province_item
com.xiaoyu.BaZi.R$array: int liaoning_province_item
com.xiaoyu.BaZi.R$array: int linxia_province_item
com.xiaoyu.BaZi.R$array: int neimenggu_province_item
com.xiaoyu.BaZi.R$array: int payeco_month
com.xiaoyu.BaZi.R$array: int province_item
com.xiaoyu.BaZi.R$array: int qinghai_province_item
com.xiaoyu.BaZi.R$array: int shandong_province_item
com.xiaoyu.BaZi.R$array: int shanghai_province_item
com.xiaoyu.BaZi.R$array: int shanxi1_province_item
com.xiaoyu.BaZi.R$array: int shanxi2_province_item
com.xiaoyu.BaZi.R$attr
com.xiaoyu.BaZi.R$attr: int animationDuration
com.xiaoyu.BaZi.R$attr: int entries
com.xiaoyu.BaZi.R$attr: int galleryStyle
com.xiaoyu.BaZi.R$attr: int gravity
com.xiaoyu.BaZi.R$attr: int spacing
com.xiaoyu.BaZi.R$attr: int unselectedAlpha
com.xiaoyu.BaZi.R$attr: R$attr()
com.xiaoyu.BaZi.R$color
com.xiaoyu.BaZi.R$color: int black_10
com.xiaoyu.BaZi.R$color: int black_50
com.xiaoyu.BaZi.R$color: int black_80
com.xiaoyu.BaZi.R$color: int common_black
com.xiaoyu.BaZi.R$color: int common_gray
com.xiaoyu.BaZi.R$color: int common_red
com.xiaoyu.BaZi.R$color: int common_white
com.xiaoyu.BaZi.R$color: int header_line_color
com.xiaoyu.BaZi.R$color: int line_color
com.xiaoyu.BaZi.R$color: int payeco_bgColor
com.xiaoyu.BaZi.R$color: int payeco_hintTextColor
com.xiaoyu.BaZi.R$color: int payeco_textColorBlack
com.xiaoyu.BaZi.R$color: int payeco_textColorBlue
com.xiaoyu.BaZi.R$color: int payeco_textColorGrayTwo
com.xiaoyu.BaZi.R$color: int payeco_textColorWhite
com.xiaoyu.BaZi.R$color: int payeco_textColorYellow
com.xiaoyu.BaZi.R$color: int payeco_tipsTextColor
com.xiaoyu.BaZi.R$color: int payeco_titleTextColor
com.xiaoyu.BaZi.R$color: int title_bar_bg
com.xiaoyu.BaZi.R$color: int transprant
com.xiaoyu.BaZi.R$color: R$color()
com.xiaoyu.BaZi.R$dimen
com.xiaoyu.BaZi.R$dimen: int header_height
com.xiaoyu.BaZi.R$dimen: int payeco_button_textsize
com.xiaoyu.BaZi.R$dimen: int payeco_large_textsize
com.xiaoyu.BaZi.R$dimen: int payeco_larger_textsize
com.xiaoyu.BaZi.R$dimen: int payeco_middle_textsize
com.xiaoyu.BaZi.R$dimen: int payeco_normal_textsize
com.xiaoyu.BaZi.R$dimen: int payeco_pw_textsize
com.xiaoyu.BaZi.R$dimen: int payeco_pwkeyboard_button_textsize
com.xiaoyu.BaZi.R$dimen: int payeco_small_textsize
com.xiaoyu.BaZi.R$dimen: int payeco_smaller_textsize
com.xiaoyu.BaZi.R$dimen: R$dimen()
...
com.payeco.android.plugin.http.encryption.PayecoPluginBase64
com.payeco.android.plugin.http.encryption.PayecoPluginBase64: int DEFAULT
com.payeco.android.plugin.http.encryption.PayecoPluginBase64: int NO_PADDING
com.payeco.android.plugin.http.encryption.PayecoPluginBase64: int NO_WRAP
com.payeco.android.plugin.http.encryption.PayecoPluginBase64: int CRLF
com.payeco.android.plugin.http.encryption.PayecoPluginBase64: int URL_SAFE
com.payeco.android.plugin.http.encryption.PayecoPluginBase64: int NO_CLOSE
com.payeco.android.plugin.http.encryption.PayecoPluginBase64: boolean bB
com.payeco.android.plugin.http.encryption.PayecoPluginBase64: void <clinit>()
com.payeco.android.plugin.http.encryption.PayecoPluginBase64: byte[] b(java.lang.String)
com.payeco.android.plugin.http.encryption.PayecoPluginBase64: byte[] decode(byte[],int)
com.payeco.android.plugin.http.encryption.PayecoPluginBase64: byte[] decode(byte[],int,int,int)
com.payeco.android.plugin.http.encryption.PayecoPluginBase64: java.lang.String encodeToString(byte[],int)
com.payeco.android.plugin.http.encryption.PayecoPluginBase64: java.lang.String encodeToString(byte[],int,int,int)
com.payeco.android.plugin.http.encryption.PayecoPluginBase64: byte[] encode(byte[],int)
com.payeco.android.plugin.http.encryption.PayecoPluginBase64: byte[] encode(byte[],int,int,int)
com.payeco.android.plugin.http.encryption.PayecoPluginBase64: PayecoPluginBase64()
com.payeco.android.plugin.http.encryption.PayecoPluginMD5
com.payeco.android.plugin.http.encryption.PayecoPluginMD5: byte[] bP
com.payeco.android.plugin.http.encryption.PayecoPluginMD5: long[] bQ
com.payeco.android.plugin.http.encryption.PayecoPluginMD5: long[] bR
com.payeco.android.plugin.http.encryption.PayecoPluginMD5: byte[] buffer
com.payeco.android.plugin.http.encryption.PayecoPluginMD5: java.lang.String digestHexStr
com.payeco.android.plugin.http.encryption.PayecoPluginMD5: byte[] bS
com.payeco.android.plugin.http.encryption.PayecoPluginMD5: void <clinit>()
com.payeco.android.plugin.http.encryption.PayecoPluginMD5: PayecoPluginMD5()
com.payeco.android.plugin.http.encryption.PayecoPluginMD5: long b2iu(byte)
com.payeco.android.plugin.http.encryption.PayecoPluginMD5: java.lang.String byteHEX(byte)
com.payeco.android.plugin.http.encryption.PayecoPluginMD5: byte[] getMD5(java.lang.String)
com.payeco.android.plugin.http.encryption.PayecoPluginMD5: byte[] getMD5(byte[])
com.payeco.android.plugin.http.encryption.PayecoPluginMD5: java.lang.String MungPass(java.lang.String)
com.payeco.android.plugin.http.encryption.PayecoPluginPinBlockUtil
com.payeco.android.plugin.http.encryption.PayecoPluginPinBlockUtil: PayecoPluginPinBlockUtil()
com.payeco.android.plugin.http.encryption.PayecoPluginPinBlockUtil: java.lang.String encryptedPin(java.lang.String,java.lang.String,java.lang.String,java.lang.String)
com.payeco.android.plugin.http.encryption.PayecoPluginPinBlockUtil: byte[] X98GetPinBlock(java.lang.String,java.lang.String)
com.payeco.android.plugin.http.encryption.PayecoPluginPinBlockUtil: byte[] hexStringToBytes(java.lang.String)
com.payeco.android.plugin.http.encryption.PayecoPluginPinBlockUtil: byte[] a(byte[],byte[])
com.payeco.android.plugin.http.encryption.PayecoPluginPinBlockUtil: byte[] pin2PinBlockWithCardNO(java.lang.String,java.lang.String)
com.payeco.android.plugin.http.encryption.PayecoPluginPinBlockUtil: byte[] c(java.lang.String)
com.payeco.android.plugin.http.encryption.PayecoPluginPinBlockUtil: byte[] d(java.lang.String)