proguard_logs/mapping.txt
com.xiaoyu.BaZi.R -> com.xiaoyu.BaZi.R:
com.xiaoyu.BaZi.R$anim -> com.xiaoyu.BaZi.R$anim:
    int in_from_left -> in_from_left
    int in_from_right -> in_from_right
    int out_to_left -> out_to_left
    int out_to_right -> out_to_right
com.xiaoyu.BaZi.R$array -> com.xiaoyu.BaZi.R$array:
    int anhui_province_item -> anhui_province_item
    int aomen_province_item -> aomen_province_item
    int beijin_province_item -> beijin_province_item
    int chongqing_province_item -> chongqing_province_item
    int fujian_province_item -> fujian_province_item
    int gansu_province_item -> gansu_province_item
    int guangdong_province_item -> guangdong_province_item
    int guangxi_province_item -> guangxi_province_item
    int guizhou_province_item -> guizhou_province_item
    int hainan_province_item -> hainan_province_item
    int heibei_province_item -> heibei_province_item
    int heilongjiang_province_item -> heilongjiang_province_item
    int henan_province_item -> henan_province_item
    int hongkong_province_item -> hongkong_province_item
    int hubei_province_item -> hubei_province_item
    int hunan_province_item -> hunan_province_item
    int jiangsu_province_item -> jiangsu_province_item
    int jiangxi_province_item -> jiangxi_province_item
    int jilin_province_item -> jilin_province_item
    int liaoning_province_item -> liaoning_province_item
    int linxia_province_item -> linxia_province_item
    int neimenggu_province_item -> neimenggu_province_item
    int payeco_month -> payeco_month
    int province_item -> province_item
    int qinghai_province_item -> qinghai_province_item
    int shandong_province_item -> shandong_province_item
    int shanghai_province_item -> shanghai_province_item
com.xiaoyu.BaZi.R$attr -> com.xiaoyu.BaZi.R$attr:
    int animationDuration -> animationDuration
    int entries -> entries
    int galleryStyle -> galleryStyle
    int gravity -> gravity
    int spacing -> spacing
    int unselectedAlpha -> unselectedAlpha
com.xiaoyu.BaZi.R$color -> com.xiaoyu.BaZi.R$color:
    int black_10 -> black_10
    int black_50 -> black_50
    int black_80 -> black_80
    int common_black -> common_black
    int common_gray -> common_gray
    int common_red -> common_red
    int common_white -> common_white
    int header_line_color -> header_line_color
    int line_color -> line_color
    int payeco_bgColor -> payeco_bgColor
    int payeco_hintTextColor -> payeco_hintTextColor
    int payeco_textColorBlack -> payeco_textColorBlack
    int payeco_textColorBlue -> payeco_textColorBlue
    int payeco_textColorGrayTwo -> payeco_textColorGrayTwo
    int payeco_textColorWhite -> payeco_textColorWhite
    int payeco_textColorYellow -> payeco_textColorYellow
    int payeco_tipsTextColor -> payeco_tipsTextColor
    int payeco_titleTextColor -> payeco_titleTextColor
    int title_bar_bg -> title_bar_bg
    int transprant -> transprant
com.xiaoyu.BaZi.R$dimen -> com.xiaoyu.BaZi.R$dimen:
    int header_height -> header_height
    int payeco_button_textsize -> payeco_button_textsize
    int payeco_large_textsize -> payeco_large_textsize
    int payeco_larger_textsize -> payeco_larger_textsize
    int payeco_middle_textsize -> payeco_middle_textsize
    int payeco_normal_textsize -> payeco_normal_textsize
    int payeco_pw_textsize -> payeco_pw_textsize
    int payeco_pwkeyboard_button_textsize -> payeco_pwkeyboard_button_textsize
    int payeco_small_textsize -> payeco_small_textsize
    int payeco_smaller_textsize -> payeco_smaller_textsize
...
com.wanpu.pay.login.bc -> com.wanpu.pay.login.ao:
    android.content.Context a -> a
    java.lang.String b -> b
    java.lang.String c -> c
    java.lang.String d -> d
    java.lang.String e -> e
    float f -> f
    java.lang.String g -> g
    com.wanpu.pay.PayResultListener h -> h
    com.wanpu.pay.login.bm i -> i
    com.wanpu.pay.login.ba j -> j
    void onClick(android.view.View) -> onClick
com.wanpu.pay.login.bd -> com.wanpu.pay.login.ap:
    android.content.Context a -> a
    java.lang.String b -> b
    java.lang.String c -> c
    java.lang.String d -> d
    java.lang.String e -> e
    float f -> f
    java.lang.String g -> g
    com.wanpu.pay.PayResultListener h -> h
    com.wanpu.pay.login.bm i -> i
    com.wanpu.pay.login.cj j -> j
    com.wanpu.pay.login.ba k -> k
    void onClick(android.view.View) -> onClick
com.wanpu.pay.login.be -> com.wanpu.pay.login.aq:
    java.lang.String a -> a
    com.wanpu.pay.PayResultListener b -> b
    android.content.Context c -> c
    java.lang.String d -> d
    java.lang.String e -> e
    float f -> f
    java.lang.String g -> g
    com.wanpu.pay.login.ba h -> h
    void a() -> a
com.wanpu.pay.login.bf -> com.wanpu.pay.login.ar:
    com.wanpu.pay.login.ba a -> a
    void a() -> a
com.wanpu.pay.login.bg -> com.wanpu.pay.login.as:
    com.wanpu.pay.login.ba a -> a
    void a() -> a
com.wanpu.pay.login.bh -> com.wanpu.pay.login.at:
    java.util.List b -> b
    android.content.Context c -> c
    android.widget.EditText d -> d
    android.widget.EditText e -> e
    com.wanpu.pay.login.ba a -> a
    int getCount() -> getCount
    java.lang.Object getItem(int) -> getItem
    long getItemId(int) -> getItemId
    android.view.View getView(int,android.view.View,android.view.ViewGroup) -> getView
    java.util.List a(com.wanpu.pay.login.bh) -> a
    android.widget.EditText b(com.wanpu.pay.login.bh) -> b
    android.content.Context c(com.wanpu.pay.login.bh) -> c
    android.widget.EditText d(com.wanpu.pay.login.bh) -> d
com.wanpu.pay.login.bi -> com.wanpu.pay.login.au:
    int a -> a
    com.wanpu.pay.login.bh b -> b
    void onClick(android.view.View) -> onClick
com.wanpu.pay.login.bj -> com.wanpu.pay.login.av:
    int a -> a
    com.wanpu.pay.login.bh b -> b
    void onClick(android.view.View) -> onClick
com.wanpu.pay.login.bk -> com.wanpu.pay.login.aw:
    com.wanpu.pay.login.bj a -> a
    void onClick(android.content.DialogInterface,int) -> onClick
com.wanpu.pay.login.bl -> com.wanpu.pay.login.ax:
    com.wanpu.pay.login.bj a -> a
    void onClick(android.content.DialogInterface,int) -> onClick
com.wanpu.pay.login.bm -> com.wanpu.pay.login.bm:
    void a(int,java.lang.String,java.lang.String) -> a
com.wanpu.pay.login.bn -> com.wanpu.pay.login.bn:
    android.content.Context a -> a
    com.wanpu.pay.login.w b -> b
    com.wanpu.pay.login.bm c -> c
    java.lang.String d -> d
    boolean e -> e
    java.lang.String f -> f
    com.wanpu.pay.login.bz g -> g
    java.lang.String h -> h
    android.app.Dialog i -> i
    java.lang.String j -> j
    java.lang.String k -> k
    java.lang.String l -> l
    int m -> m
    java.lang.String n -> n
    java.lang.String o -> o
    com.wanpu.pay.PayResultListener p -> p
    void onPreExecute() -> onPreExecute
    java.lang.Boolean a(java.lang.Void[]) -> a
    void a(java.lang.Boolean) -> a
    void onPostExecute(java.lang.Object) -> onPostExecute
    java.lang.Object doInBackground(java.lang.Object[]) -> doInBackground