proguard_logs/usage.txt
com.xiaoyu.BaZi.BuildConfig
com.xiaoyu.BaZi.background.CommonModel:
    public java.lang.String message
com.xiaoyu.BaZi.background.config.AppInfo:
    public static final java.lang.String DEVICE_ID
    public static final java.lang.String via
    public static final java.lang.String app
    15:15:public AppInfo()
com.xiaoyu.BaZi.background.config.CommonPreference:
    public static final java.lang.String kPayMoney
    10:10:public CommonPreference()
com.xiaoyu.BaZi.background.config.MD5:
    8:8:public MD5()
com.xiaoyu.BaZi.background.config.ServerConfig:
    public static final java.lang.String URL_BAZI_BAZIFENXI
    public static final java.lang.String URL_BAZI_LOGIN
    public static final java.lang.String URL_BAZI_REGUSER
    public static final java.lang.String URL_BAZI_ZHAOMIMA
    public static final java.lang.String URL_BAZI_PAYRECORD
    public static final java.lang.String URL_BAZI_PAYNUM
    public static final java.lang.String URL_BAZI_NEWDATE
    6:6:public ServerConfig()
    15:20:public static void initUrl(boolean)
com.xiaoyu.BaZi.ui.account.AccountInfoModel:
    public java.lang.String message
com.xiaoyu.BaZi.ui.account.AccountInfoModel$User:
    public java.lang.String id
    public java.lang.String mobile
    public java.lang.String password
    public java.lang.String realname
    final synthetic com.xiaoyu.BaZi.ui.account.AccountInfoModel this$0
    18:18:public AccountInfoModel$User(com.xiaoyu.BaZi.ui.account.AccountInfoModel)
com.xiaoyu.BaZi.ui.main.ActivityInputBirthday:
    public static final java.lang.String kWhereFrom
    public static final java.lang.String VActivityInputBirthday
com.xiaoyu.BaZi.ui.main.ActivityMain:
    private static final java.lang.String shareUrl
    public static final int requestCodeOfInputBirthday
    public static final java.lang.String loginSuccessfulAction
    public static final java.lang.String paySuccessfulAction
    public static final java.lang.String logoutSuccessfulAction
    private com.xiaoyu.BaZi.widget.HGAlertDlg dlg
    private java.lang.String retrieveImei
    232:233:private java.lang.String retrieveImei(android.content.Context)
    237:249:private void showAlertDlg()
    44:44:static synthetic android.support.v4.view.ViewPager access$300(com.xiaoyu.BaZi.ui.main.ActivityMain)
com.xiaoyu.BaZi.ui.main.ActivityMain$2
com.xiaoyu.BaZi.ui.main.ActivityMain$PayMoneyModel:
    public java.lang.String message
    final synthetic com.xiaoyu.BaZi.ui.main.ActivityMain this$0
    251:251:ActivityMain$PayMoneyModel(com.xiaoyu.BaZi.ui.main.ActivityMain)
com.xiaoyu.BaZi.ui.ming_ju_analysis.MingJuAnalysisModel:
    public java.lang.String message
com.xiaoyu.BaZi.ui.ming_pan.MingPanModel:
    public java.lang.String message
com.xiaoyu.BaZi.ui.ming_pan.MingPanModel$Data:
    public java.lang.String bazi
    public java.lang.String birthday_type
    public java.lang.String zodiac
    final synthetic com.xiaoyu.BaZi.ui.ming_pan.MingPanModel this$0
    18:18:MingPanModel$Data(com.xiaoyu.BaZi.ui.ming_pan.MingPanModel)
com.xiaoyu.BaZi.utils.BaZiToast:
    12:13:private BaZiToast(android.content.Context)
    16:25:public static android.widget.Toast makeText(android.content.Context,java.lang.CharSequence,int)
    30:39:public static android.widget.Toast makeText(android.content.Context,int,int)
    54:62:public static void makeShortTextCenter(java.lang.CharSequence)
    65:71:public static void makeShortText(int)
    74:81:public static void makeLongText(java.lang.CharSequence)
    84:90:public static void makeLongText(int)
    94:103:public static void showErrorMessage(com.xiaoyu.BaZi.utils.Request$RequestException,java.lang.String)
com.xiaoyu.BaZi.utils.BitmapUtil
com.xiaoyu.BaZi.utils.CommonUtil:
    11:11:public CommonUtil()
...
com.alipay.mobilesecuritysdk.datainfo.SdkConfig
com.alipay.mobilesecuritysdk.datainfo.UploadInfo
com.alipay.mobilesecuritysdk.datainfo.WifiCollectInfo
com.alipay.mobilesecuritysdk.deviceID.CollectDeviceInfo:
    99:101:public java.lang.String getResolution(android.content.Context)
    105:108:public java.lang.String getNetworkType(android.content.Context)
com.alipay.mobilesecuritysdk.deviceID.DataShare
com.alipay.mobilesecuritysdk.deviceID.DeviceIdModel:
    public static final java.lang.String PREFS_NAME
    public static final java.lang.String PRIVATE_NAME
    public static final java.lang.String SERVICEID
    public static final java.lang.String VER
    public static final java.lang.String mah1
    public static final java.lang.String mah2
    public static final java.lang.String mah3
    public static final java.lang.String mah4
    public static final java.lang.String mah5
    public static final java.lang.String mah6
    public static final java.lang.String mah7
    public static final java.lang.String mah8
    public static final java.lang.String mah9
    public static final java.lang.String mah10
    public static final java.lang.String mas1
    public static final java.lang.String mas2
    public static final java.lang.String mas3
    public static final java.lang.String mas4
    public static final java.lang.String mtid
    public static final java.lang.String mutdid
    public static final java.lang.String mAppId
    public static final java.lang.String mDeviceInfo
    public static final java.lang.String mDeviceId
    public static final java.lang.String mPriDeviceId
    public static final java.lang.String mtime
    public static final java.lang.String mApdtk
    public static final java.lang.String mRule
    public static final java.lang.String mCheckCode
    243:250:public java.util.Map GetLocalInfo()
com.alipay.mobilesecuritysdk.deviceID.DeviceMetaData:
    public static final java.lang.String AUTH
    public static final java.lang.String DATABASE_NAME
    public static final int DATABASE_VER
    public static final java.lang.String DEVICE_TABLE_NAME
    private java.lang.String mcheckCode
    55:55:public java.lang.String getMcheckCode()
    59:60:public void setMcheckCode(java.lang.String)
com.alipay.mobilesecuritysdk.deviceID.IdResponseInfo:
    private java.lang.String merrorcode
    private java.util.List arrList
    20:20:public java.lang.String getFuction()
    26:26:public java.util.List getArrList()
    29:30:public void setArrList(java.util.List)
    54:54:public java.lang.String isMerrorcode()
    57:58:public void setMerrorcode(java.lang.String)
    60:60:public java.lang.String getMversion()
com.alipay.mobilesecuritysdk.deviceID.LOG:
    30:30:public LOG()
com.alipay.mobilesecuritysdk.deviceID.Profile:
    public static final java.lang.String devicever
com.alipay.mobilesecuritysdk.deviceID.SecurityUtils:
    public static final java.lang.String TAG
    11:11:public SecurityUtils()
    91:91:public static java.lang.String toHex(java.lang.String)
    95:95:public static java.lang.String fromHex(java.lang.String)
com.alipay.mobilesecuritysdk.face.SecurityClientMobile:
    private static java.lang.Thread workThread
    15:15:public SecurityClientMobile()
    32:87:public static synchronized void start(android.content.Context,java.util.List,boolean)
    91:104:public static void stop()
    107:108:public static void setError(boolean)
    111:112:public static void setDebug(boolean)
    115:115:public static boolean isDebug()
    25:25:static synthetic boolean access$0()
com.alipay.mobilesecuritysdk.face.SecurityClientMobile$1
com.alipay.mobilesecuritysdk.model.CollectedInfo
com.alipay.mobilesecuritysdk.model.DataProfile
com.alipay.mobilesecuritysdk.model.SecLocationListener
com.alipay.mobilesecuritysdk.model.Upload